android/app/build/intermediates/manifest_merge_blame_file/debug/manifest-merger-blame-debug-report.txt
1<?xml version="1.0" encoding="utf-8"?>
2<manifest xmlns:android="http://schemas.android.com/apk/res/android"
3    package="com.netflix"
4    android:versionCode="1"
5    android:versionName="1.0" >
6
7    <uses-sdk
8        android:minSdkVersion="21"
9        android:targetSdkVersion="28" />
10
11    <uses-permission android:name="android.permission.SYSTEM_ALERT_WINDOW" />
11-->src/main/AndroidManifest.xml:3:3-75
11-->src/main/AndroidManifest.xml:3:20-73
12    <uses-permission android:name="android.permission.INTERNET" /> <!-- OPTIONAL PERMISSIONS, REMOVE WHATEVER YOU DO NOT NEED -->
12-->src/main/AndroidManifest.xml:2:3-64
12-->src/main/AndroidManifest.xml:2:20-62
13    <uses-permission android:name="android.permission.MANAGE_DOCUMENTS" />
13-->src/main/AndroidManifest.xml:5:3-72
13-->src/main/AndroidManifest.xml:5:20-70
14    <uses-permission android:name="android.permission.READ_INTERNAL_STORAGE" />
14-->src/main/AndroidManifest.xml:6:3-77
14-->src/main/AndroidManifest.xml:6:20-75
15    <uses-permission android:name="android.permission.READ_PHONE_STATE" />
15-->src/main/AndroidManifest.xml:7:3-72
15-->src/main/AndroidManifest.xml:7:20-70
16    <uses-permission android:name="android.permission.USE_FINGERPRINT" />
16-->src/main/AndroidManifest.xml:8:3-71
16-->src/main/AndroidManifest.xml:8:20-69
17    <uses-permission android:name="android.permission.VIBRATE" />
17-->src/main/AndroidManifest.xml:9:3-63
17-->src/main/AndroidManifest.xml:9:20-61
18    <uses-permission android:name="android.permission.MODIFY_AUDIO_SETTINGS" /> <!-- These require runtime permissions on M -->
18-->src/main/AndroidManifest.xml:10:3-77
18-->src/main/AndroidManifest.xml:10:20-75
19    <uses-permission android:name="android.permission.ACCESS_COARSE_LOCATION" />
19-->src/main/AndroidManifest.xml:12:3-78
19-->src/main/AndroidManifest.xml:12:20-76
20    <uses-permission android:name="android.permission.ACCESS_FINE_LOCATION" />
20-->src/main/AndroidManifest.xml:13:3-76
20-->src/main/AndroidManifest.xml:13:20-74
21    <uses-permission android:name="android.permission.CAMERA" />
21-->src/main/AndroidManifest.xml:14:3-62
21-->src/main/AndroidManifest.xml:14:20-60
22    <uses-permission android:name="android.permission.READ_CONTACTS" />
22-->src/main/AndroidManifest.xml:15:3-69
22-->src/main/AndroidManifest.xml:15:20-67
23    <uses-permission android:name="android.permission.READ_CALENDAR" />
23-->src/main/AndroidManifest.xml:16:3-69
23-->src/main/AndroidManifest.xml:16:20-67
24    <uses-permission android:name="android.permission.WRITE_CALENDAR" />
24-->src/main/AndroidManifest.xml:17:3-70
24-->src/main/AndroidManifest.xml:17:20-68
25    <uses-permission android:name="android.permission.READ_EXTERNAL_STORAGE" />
25-->src/main/AndroidManifest.xml:18:3-77
25-->src/main/AndroidManifest.xml:18:20-75
26    <uses-permission android:name="android.permission.RECORD_AUDIO" />
26-->src/main/AndroidManifest.xml:19:3-68
26-->src/main/AndroidManifest.xml:19:20-66
27    <uses-permission android:name="android.permission.WRITE_EXTERNAL_STORAGE" />
27-->src/main/AndroidManifest.xml:20:3-78
27-->src/main/AndroidManifest.xml:20:20-76
28    <uses-permission android:name="android.permission.WRITE_SETTINGS" />
28-->src/main/AndroidManifest.xml:21:3-70
28-->src/main/AndroidManifest.xml:21:20-68
29
30    <uses-feature
30-->[:react-native-camera] AndroidManifest.xml:11:5-13:36
31        android:name="android.hardware.camera"
31-->[:react-native-camera] AndroidManifest.xml:12:9-47
32        android:required="false" />
32-->[:react-native-camera] AndroidManifest.xml:13:9-33
33    <uses-feature
33-->[:react-native-camera] AndroidManifest.xml:14:5-16:36
34        android:name="android.hardware.camera.autofocus"
34-->[:react-native-camera] AndroidManifest.xml:15:9-57
35        android:required="false" />
35-->[:react-native-camera] AndroidManifest.xml:16:9-33
36
37    <uses-permission android:name="android.permission.ACCESS_NETWORK_STATE" />
37-->[:expo-updates] AndroidManifest.xml:11:5-79
37-->[:expo-updates] AndroidManifest.xml:11:22-76
38    <uses-permission android:name="android.permission.STORAGE" />
38-->[:expo-file-system] AndroidManifest.xml:15:5-66
38-->[:expo-file-system] AndroidManifest.xml:15:22-63
39    <uses-permission android:name="android.permission.FOREGROUND_SERVICE" />
39-->[:expo-location] AndroidManifest.xml:13:5-77
39-->[:expo-location] AndroidManifest.xml:13:22-74
40    <uses-permission android:name="android.permission.WAKE_LOCK" /> <!-- Required by older versions of Google Play services to create IID tokens -->
40-->[com.google.android.gms:play-services-measurement-api:17.2.2] AndroidManifest.xml:24:5-68
40-->[com.google.android.gms:play-services-measurement-api:17.2.2] AndroidManifest.xml:24:22-65
41    <uses-permission android:name="com.google.android.c2dm.permission.RECEIVE" />
41-->[com.google.firebase:firebase-iid:20.1.7] AndroidManifest.xml:26:5-82
41-->[com.google.firebase:firebase-iid:20.1.7] AndroidManifest.xml:26:22-79
42    <uses-permission android:name="com.google.android.finsky.permission.BIND_GET_INSTALL_REFERRER_SERVICE" />
42-->[com.google.android.gms:play-services-measurement:17.2.2] AndroidManifest.xml:26:5-110
42-->[com.google.android.gms:play-services-measurement:17.2.2] AndroidManifest.xml:26:22-107
43    <uses-permission android:name="com.google.android.providers.gsf.permission.READ_GSERVICES" />
43-->[io.nlopez.smartlocation:library:3.2.11] AndroidManifest.xml:15:5-98
43-->[io.nlopez.smartlocation:library:3.2.11] AndroidManifest.xml:15:22-95
44    <uses-permission android:name="com.google.android.gms.permission.ACTIVITY_RECOGNITION" />
44-->[io.nlopez.smartlocation:library:3.2.11] AndroidManifest.xml:16:5-94
44-->[io.nlopez.smartlocation:library:3.2.11] AndroidManifest.xml:16:22-91
45
46    <application
46-->src/main/AndroidManifest.xml:23:3-47:17
47        android:name="com.netflix.MainApplication"
47-->src/main/AndroidManifest.xml:24:5-36
48        android:allowBackup="false"
48-->src/main/AndroidManifest.xml:28:5-32
49        android:appComponentFactory="androidx.core.app.CoreComponentFactory"
49-->[androidx.core:core:1.1.0] AndroidManifest.xml:24:18-86
50        android:debuggable="true"
51        android:icon="@mipmap/ic_launcher"
51-->src/main/AndroidManifest.xml:26:5-39
52        android:label="@string/app_name"
52-->src/main/AndroidManifest.xml:25:5-37
53        android:roundIcon="@mipmap/ic_launcher_round"
53-->src/main/AndroidManifest.xml:27:5-50
54        android:theme="@style/AppTheme"
54-->src/main/AndroidManifest.xml:29:5-36
55        android:usesCleartextTraffic="true" >
55-->src/debug/AndroidManifest.xml:6:18-53
56        <meta-data
56-->src/main/AndroidManifest.xml:31:5-103
57            android:name="expo.modules.updates.EXPO_UPDATE_URL"
57-->src/main/AndroidManifest.xml:31:16-67
58            android:value="YOUR-APP-URL-HERE" />
58-->src/main/AndroidManifest.xml:31:68-101
59        <meta-data
59-->src/main/AndroidManifest.xml:32:5-112
60            android:name="expo.modules.updates.EXPO_SDK_VERSION"
60-->src/main/AndroidManifest.xml:32:16-68
61            android:value="YOUR-APP-SDK-VERSION-HERE" />
61-->src/main/AndroidManifest.xml:32:69-110
62
63        <activity
63-->src/main/AndroidManifest.xml:33:5-45:16
64            android:name="com.netflix.MainActivity"
64-->src/main/AndroidManifest.xml:34:7-35
65            android:configChanges="keyboard|keyboardHidden|orientation|screenSize"
65-->src/main/AndroidManifest.xml:36:7-77
66            android:label="@string/app_name"
66-->src/main/AndroidManifest.xml:35:7-39
67            android:launchMode="singleTask"
67-->src/main/AndroidManifest.xml:37:7-38
68            android:theme="@style/Theme.App.SplashScreen"
68-->src/main/AndroidManifest.xml:39:7-52
69            android:windowSoftInputMode="adjustResize" >
69-->src/main/AndroidManifest.xml:38:7-49
70            <intent-filter>
70-->src/main/AndroidManifest.xml:41:7-44:23
71                <action android:name="android.intent.action.MAIN" />
71-->src/main/AndroidManifest.xml:42:9-60
71-->src/main/AndroidManifest.xml:42:17-58
72
73                <category android:name="android.intent.category.LAUNCHER" />
73-->src/main/AndroidManifest.xml:43:9-68
73-->src/main/AndroidManifest.xml:43:19-66
74            </intent-filter>
75        </activity>
76        <activity android:name="com.facebook.react.devsupport.DevSettingsActivity" />
76-->src/main/AndroidManifest.xml:46:5-81
76-->src/main/AndroidManifest.xml:46:15-79
77
78        <provider
78-->[:expo-file-system] AndroidManifest.xml:18:9-27:20
79            android:name="expo.modules.filesystem.FileSystemFileProvider"
79-->[:expo-file-system] AndroidManifest.xml:19:13-74
80            android:authorities="com.netflix.FileSystemFileProvider"
80-->[:expo-file-system] AndroidManifest.xml:20:13-74
81            android:exported="false"
81-->[:expo-file-system] AndroidManifest.xml:21:13-37
82            android:grantUriPermissions="true" >
82-->[:expo-file-system] AndroidManifest.xml:22:13-47
83            <meta-data
83-->[:expo-file-system] AndroidManifest.xml:24:13-26:70
84                android:name="android.support.FILE_PROVIDER_PATHS"
84-->[:expo-file-system] AndroidManifest.xml:25:17-67
85                android:resource="@xml/file_system_provider_paths" />
85-->[:expo-file-system] AndroidManifest.xml:26:17-67
86        </provider>
87
88        <service
88-->[:expo-location] AndroidManifest.xml:16:9-18:40
89            android:name="expo.modules.location.services.LocationTaskService"
89-->[:expo-location] AndroidManifest.xml:17:13-78
90            android:exported="false" />
90-->[:expo-location] AndroidManifest.xml:18:13-37
91        <!--
92             FirebaseMessagingService performs security checks at runtime,
93             but set to not exported to explicitly avoid allowing another app to call it.
94        -->
95        <service
95-->[com.google.firebase:firebase-messaging:20.1.7] AndroidManifest.xml:28:9-34:19
96            android:name="com.google.firebase.messaging.FirebaseMessagingService"
96-->[com.google.firebase:firebase-messaging:20.1.7] AndroidManifest.xml:29:13-82
97            android:exported="false" >
97-->[com.google.firebase:firebase-messaging:20.1.7] AndroidManifest.xml:30:13-37
98            <intent-filter android:priority="-500" >
98-->[com.google.firebase:firebase-messaging:20.1.7] AndroidManifest.xml:31:13-33:29
98-->[com.google.firebase:firebase-messaging:20.1.7] AndroidManifest.xml:31:28-51
99                <action android:name="com.google.firebase.MESSAGING_EVENT" />
99-->[com.google.firebase:firebase-messaging:20.1.7] AndroidManifest.xml:32:17-78
99-->[com.google.firebase:firebase-messaging:20.1.7] AndroidManifest.xml:32:25-75
100            </intent-filter>
101        </service>
102        <service
102-->[com.google.firebase:firebase-messaging:20.1.7] AndroidManifest.xml:35:9-41:19
103            android:name="com.google.firebase.components.ComponentDiscoveryService"
103-->[com.google.firebase:firebase-messaging:20.1.7] AndroidManifest.xml:36:13-84
104            android:directBootAware="true"
104-->[com.google.firebase:firebase-common:19.3.0] AndroidManifest.xml:34:13-43
105            android:exported="false" >
105-->[com.google.firebase:firebase-messaging:20.1.7] AndroidManifest.xml:37:13-37
106            <meta-data
106-->[com.google.firebase:firebase-messaging:20.1.7] AndroidManifest.xml:38:13-40:85
107                android:name="com.google.firebase.components:com.google.firebase.messaging.FirebaseMessagingRegistrar"
107-->[com.google.firebase:firebase-messaging:20.1.7] AndroidManifest.xml:39:17-119
108                android:value="com.google.firebase.components.ComponentRegistrar" />
108-->[com.google.firebase:firebase-messaging:20.1.7] AndroidManifest.xml:40:17-82
109            <meta-data
109-->[com.google.firebase:firebase-datatransport:17.0.3] AndroidManifest.xml:28:13-30:85
110                android:name="com.google.firebase.components:com.google.firebase.datatransport.TransportRegistrar"
110-->[com.google.firebase:firebase-datatransport:17.0.3] AndroidManifest.xml:29:17-115
111                android:value="com.google.firebase.components.ComponentRegistrar" />
111-->[com.google.firebase:firebase-datatransport:17.0.3] AndroidManifest.xml:30:17-82
112            <meta-data
112-->[com.google.android.gms:play-services-measurement-api:17.2.2] AndroidManifest.xml:30:13-32:85
113                android:name="com.google.firebase.components:com.google.firebase.analytics.connector.internal.AnalyticsConnectorRegistrar"
113-->[com.google.android.gms:play-services-measurement-api:17.2.2] AndroidManifest.xml:31:17-139
114                android:value="com.google.firebase.components.ComponentRegistrar" />
114-->[com.google.android.gms:play-services-measurement-api:17.2.2] AndroidManifest.xml:32:17-82
115            <meta-data
115-->[com.google.firebase:firebase-iid:20.1.7] AndroidManifest.xml:32:13-34:85
116                android:name="com.google.firebase.components:com.google.firebase.iid.Registrar"
116-->[com.google.firebase:firebase-iid:20.1.7] AndroidManifest.xml:33:17-96
117                android:value="com.google.firebase.components.ComponentRegistrar" />
117-->[com.google.firebase:firebase-iid:20.1.7] AndroidManifest.xml:34:17-82
118            <meta-data
118-->[com.google.firebase:firebase-installations:16.3.0] AndroidManifest.xml:17:13-19:85
119                android:name="com.google.firebase.components:com.google.firebase.installations.FirebaseInstallationsRegistrar"
119-->[com.google.firebase:firebase-installations:16.3.0] AndroidManifest.xml:18:17-127
120                android:value="com.google.firebase.components.ComponentRegistrar" />
120-->[com.google.firebase:firebase-installations:16.3.0] AndroidManifest.xml:19:17-82
121        </service>
122        <service
122-->[com.google.android.datatransport:transport-backend-cct:2.2.0] AndroidManifest.xml:29:9-35:19
123            android:name="com.google.android.datatransport.runtime.backends.TransportBackendDiscovery"
123-->[com.google.android.datatransport:transport-backend-cct:2.2.0] AndroidManifest.xml:30:13-103
124            android:exported="false" >
124-->[com.google.android.datatransport:transport-backend-cct:2.2.0] AndroidManifest.xml:31:13-37
125            <meta-data
125-->[com.google.android.datatransport:transport-backend-cct:2.2.0] AndroidManifest.xml:32:13-34:39
126                android:name="backend:com.google.android.datatransport.cct.CctBackendFactory"
126-->[com.google.android.datatransport:transport-backend-cct:2.2.0] AndroidManifest.xml:33:17-94
127                android:value="cct" />
127-->[com.google.android.datatransport:transport-backend-cct:2.2.0] AndroidManifest.xml:34:17-36
128        </service>
129        <service
129-->[com.google.android.datatransport:transport-runtime:2.2.0] AndroidManifest.xml:26:9-30:19
130            android:name="com.google.android.datatransport.runtime.scheduling.jobscheduling.JobInfoSchedulerService"
130-->[com.google.android.datatransport:transport-runtime:2.2.0] AndroidManifest.xml:27:13-117
131            android:exported="false"
131-->[com.google.android.datatransport:transport-runtime:2.2.0] AndroidManifest.xml:28:13-37
132            android:permission="android.permission.BIND_JOB_SERVICE" >
132-->[com.google.android.datatransport:transport-runtime:2.2.0] AndroidManifest.xml:29:13-69
133        </service>
134
135        <receiver
135-->[com.google.android.datatransport:transport-runtime:2.2.0] AndroidManifest.xml:32:9-34:40
136            android:name="com.google.android.datatransport.runtime.scheduling.jobscheduling.AlarmManagerSchedulerBroadcastReceiver"
136-->[com.google.android.datatransport:transport-runtime:2.2.0] AndroidManifest.xml:33:13-132
137            android:exported="false" />
137-->[com.google.android.datatransport:transport-runtime:2.2.0] AndroidManifest.xml:34:13-37
138        <receiver
138-->[com.google.firebase:firebase-iid:20.1.7] AndroidManifest.xml:37:9-44:20
139            android:name="com.google.firebase.iid.FirebaseInstanceIdReceiver"
139-->[com.google.firebase:firebase-iid:20.1.7] AndroidManifest.xml:38:13-78
140            android:exported="true"
140-->[com.google.firebase:firebase-iid:20.1.7] AndroidManifest.xml:39:13-36
141            android:permission="com.google.android.c2dm.permission.SEND" >
141-->[com.google.firebase:firebase-iid:20.1.7] AndroidManifest.xml:40:13-73
142            <intent-filter>
142-->[com.google.firebase:firebase-iid:20.1.7] AndroidManifest.xml:41:13-43:29
143                <action android:name="com.google.android.c2dm.intent.RECEIVE" />
143-->[com.google.firebase:firebase-iid:20.1.7] AndroidManifest.xml:42:17-81
143-->[com.google.firebase:firebase-iid:20.1.7] AndroidManifest.xml:42:25-78
144            </intent-filter>
145        </receiver>
146
147        <provider
147-->[com.google.firebase:firebase-common:19.3.0] AndroidManifest.xml:26:9-30:39
148            android:name="com.google.firebase.provider.FirebaseInitProvider"
148-->[com.google.firebase:firebase-common:19.3.0] AndroidManifest.xml:27:13-77
149            android:authorities="com.netflix.firebaseinitprovider"
149-->[com.google.firebase:firebase-common:19.3.0] AndroidManifest.xml:28:13-72
150            android:exported="false"
150-->[com.google.firebase:firebase-common:19.3.0] AndroidManifest.xml:29:13-37
151            android:initOrder="100" />
151-->[com.google.firebase:firebase-common:19.3.0] AndroidManifest.xml:30:13-36
152
153        <receiver
153-->[com.google.android.gms:play-services-measurement:17.2.2] AndroidManifest.xml:29:9-33:20
154            android:name="com.google.android.gms.measurement.AppMeasurementReceiver"
154-->[com.google.android.gms:play-services-measurement:17.2.2] AndroidManifest.xml:30:13-85
155            android:enabled="true"
155-->[com.google.android.gms:play-services-measurement:17.2.2] AndroidManifest.xml:31:13-35
156            android:exported="false" >
156-->[com.google.android.gms:play-services-measurement:17.2.2] AndroidManifest.xml:32:13-37
157        </receiver>
158        <receiver
158-->[com.google.android.gms:play-services-measurement:17.2.2] AndroidManifest.xml:34:9-42:20
159            android:name="com.google.android.gms.measurement.AppMeasurementInstallReferrerReceiver"
159-->[com.google.android.gms:play-services-measurement:17.2.2] AndroidManifest.xml:35:13-100
160            android:enabled="true"
160-->[com.google.android.gms:play-services-measurement:17.2.2] AndroidManifest.xml:36:13-35
161            android:exported="true"
161-->[com.google.android.gms:play-services-measurement:17.2.2] AndroidManifest.xml:37:13-36
162            android:permission="android.permission.INSTALL_PACKAGES" >
162-->[com.google.android.gms:play-services-measurement:17.2.2] AndroidManifest.xml:38:13-69
163            <intent-filter>
163-->[com.google.android.gms:play-services-measurement:17.2.2] AndroidManifest.xml:39:13-41:29
164                <action android:name="com.android.vending.INSTALL_REFERRER" />
164-->[com.google.android.gms:play-services-measurement:17.2.2] AndroidManifest.xml:40:17-79
164-->[com.google.android.gms:play-services-measurement:17.2.2] AndroidManifest.xml:40:25-76
165            </intent-filter>
166        </receiver>
167
168        <service
168-->[com.google.android.gms:play-services-measurement:17.2.2] AndroidManifest.xml:44:9-47:40
169            android:name="com.google.android.gms.measurement.AppMeasurementService"
169-->[com.google.android.gms:play-services-measurement:17.2.2] AndroidManifest.xml:45:13-84
170            android:enabled="true"
170-->[com.google.android.gms:play-services-measurement:17.2.2] AndroidManifest.xml:46:13-35
171            android:exported="false" />
171-->[com.google.android.gms:play-services-measurement:17.2.2] AndroidManifest.xml:47:13-37
172        <service
172-->[com.google.android.gms:play-services-measurement:17.2.2] AndroidManifest.xml:48:9-52:72
173            android:name="com.google.android.gms.measurement.AppMeasurementJobService"
173-->[com.google.android.gms:play-services-measurement:17.2.2] AndroidManifest.xml:49:13-87
174            android:enabled="true"
174-->[com.google.android.gms:play-services-measurement:17.2.2] AndroidManifest.xml:50:13-35
175            android:exported="false"
175-->[com.google.android.gms:play-services-measurement:17.2.2] AndroidManifest.xml:51:13-37
176            android:permission="android.permission.BIND_JOB_SERVICE" />
176-->[com.google.android.gms:play-services-measurement:17.2.2] AndroidManifest.xml:52:13-69
177
178        <activity
178-->[com.google.android.gms:play-services-base:17.0.0] AndroidManifest.xml:23:9-26:75
179            android:name="com.google.android.gms.common.api.GoogleApiActivity"
179-->[com.google.android.gms:play-services-base:17.0.0] AndroidManifest.xml:24:13-79
180            android:exported="false"
180-->[com.google.android.gms:play-services-base:17.0.0] AndroidManifest.xml:25:13-37
181            android:theme="@android:style/Theme.Translucent.NoTitleBar" />
181-->[com.google.android.gms:play-services-base:17.0.0] AndroidManifest.xml:26:13-72
182
183        <meta-data
183-->[com.google.android.gms:play-services-basement:17.0.0] AndroidManifest.xml:23:9-25:69
184            android:name="com.google.android.gms.version"
184-->[com.google.android.gms:play-services-basement:17.0.0] AndroidManifest.xml:24:13-58
185            android:value="@integer/google_play_services_version" />
185-->[com.google.android.gms:play-services-basement:17.0.0] AndroidManifest.xml:25:13-66
186
187        <service
187-->[androidx.room:room-runtime:2.1.0] AndroidManifest.xml:25:9-27:40
188            android:name="androidx.room.MultiInstanceInvalidationService"
188-->[androidx.room:room-runtime:2.1.0] AndroidManifest.xml:26:13-74
189            android:exported="false" />
189-->[androidx.room:room-runtime:2.1.0] AndroidManifest.xml:27:13-37
190        <service
190-->[io.nlopez.smartlocation:library:3.2.11] AndroidManifest.xml:19:9-21:40
191            android:name="io.nlopez.smartlocation.activity.providers.ActivityGooglePlayServicesProvider$ActivityRecognitionService"
191-->[io.nlopez.smartlocation:library:3.2.11] AndroidManifest.xml:20:13-132
192            android:exported="false" />
192-->[io.nlopez.smartlocation:library:3.2.11] AndroidManifest.xml:21:13-37
193        <service
193-->[io.nlopez.smartlocation:library:3.2.11] AndroidManifest.xml:22:9-24:40
194            android:name="io.nlopez.smartlocation.geofencing.providers.GeofencingGooglePlayServicesProvider$GeofencingService"
194-->[io.nlopez.smartlocation:library:3.2.11] AndroidManifest.xml:23:13-127
195            android:exported="false" />
195-->[io.nlopez.smartlocation:library:3.2.11] AndroidManifest.xml:24:13-37
196        <service
196-->[io.nlopez.smartlocation:library:3.2.11] AndroidManifest.xml:25:9-27:40
197            android:name="io.nlopez.smartlocation.geocoding.providers.AndroidGeocodingProvider$AndroidGeocodingService"
197-->[io.nlopez.smartlocation:library:3.2.11] AndroidManifest.xml:26:13-120
198            android:exported="false" />
198-->[io.nlopez.smartlocation:library:3.2.11] AndroidManifest.xml:27:13-37
199    </application>
200
201</manifest>